<?xml version="1.0" encoding="UTF-8"?>
<coverage generated="1702123656043" clover="3.2.0">
  <project timestamp="1702123656043" name="All files">
    <metrics statements="142" coveredstatements="142" conditionals="17" coveredconditionals="16" methods="10" coveredmethods="10" elements="169" coveredelements="168" complexity="0" loc="142" ncloc="142" packages="1" files="2" classes="2"/>
    <file name="constants.js" path="/Users/ulyana/Desktop/projects/otus/weather-ula-otus/src/constants.js">
      <metrics statements="7" coveredstatements="7" conditionals="0" coveredconditionals="0" methods="0" coveredmethods="0"/>
      <line num="1" count="1" type="stmt"/>
      <line num="2" count="1" type="stmt"/>
      <line num="3" count="1" type="stmt"/>
      <line num="4" count="1" type="stmt"/>
      <line num="5" count="1" type="stmt"/>
      <line num="6" count="1" type="stmt"/>
      <line num="7" count="1" type="stmt"/>
    </file>
    <file name="main.js" path="/Users/ulyana/Desktop/projects/otus/weather-ula-otus/src/main.js">
      <metrics statements="135" coveredstatements="135" conditionals="17" coveredconditionals="16" methods="10" coveredmethods="10"/>
      <line num="1" count="1" type="stmt"/>
      <line num="2" count="1" type="stmt"/>
      <line num="3" count="1" type="stmt"/>
      <line num="4" count="1" type="stmt"/>
      <line num="5" count="1" type="stmt"/>
      <line num="6" count="1" type="stmt"/>
      <line num="7" count="1" type="stmt"/>
      <line num="8" count="1" type="stmt"/>
      <line num="9" count="1" type="stmt"/>
      <line num="10" count="1" type="stmt"/>
      <line num="11" count="1" type="stmt"/>
      <line num="12" count="1" type="stmt"/>
      <line num="13" count="1" type="stmt"/>
      <line num="14" count="1" type="cond" truecount="0" falsecount="1"/>
      <line num="15" count="1" type="stmt"/>
      <line num="16" count="3" type="cond" truecount="1" falsecount="0"/>
      <line num="17" count="3" type="stmt"/>
      <line num="18" count="3" type="stmt"/>
      <line num="19" count="3" type="stmt"/>
      <line num="20" count="3" type="stmt"/>
      <line num="21" count="3" type="stmt"/>
      <line num="22" count="1" type="stmt"/>
      <line num="23" count="1" type="stmt"/>
      <line num="24" count="1" type="stmt"/>
      <line num="25" count="1" type="cond" truecount="1" falsecount="0"/>
      <line num="26" count="19" type="stmt"/>
      <line num="27" count="19" type="stmt"/>
      <line num="28" count="19" type="stmt"/>
      <line num="29" count="19" type="stmt"/>
      <line num="30" count="19" type="stmt"/>
      <line num="31" count="19" type="stmt"/>
      <line num="32" count="19" type="stmt"/>
      <line num="33" count="19" type="stmt"/>
      <line num="34" count="19" type="stmt"/>
      <line num="35" count="19" type="stmt"/>
      <line num="36" count="19" type="stmt"/>
      <line num="37" count="19" type="stmt"/>
      <line num="38" count="19" type="stmt"/>
      <line num="39" count="19" type="stmt"/>
      <line num="40" count="19" type="stmt"/>
      <line num="41" count="19" type="stmt"/>
      <line num="42" count="19" type="stmt"/>
      <line num="43" count="19" type="stmt"/>
      <line num="44" count="19" type="stmt"/>
      <line num="45" count="19" type="stmt"/>
      <line num="46" count="19" type="stmt"/>
      <line num="47" count="1" type="stmt"/>
      <line num="48" count="1" type="cond" truecount="1" falsecount="0"/>
      <line num="49" count="4" type="stmt"/>
      <line num="50" count="4" type="stmt"/>
      <line num="51" count="4" type="stmt"/>
      <line num="52" count="4" type="stmt"/>
      <line num="53" count="4" type="stmt"/>
      <line num="54" count="4" type="stmt"/>
      <line num="55" count="1" type="stmt"/>
      <line num="56" count="3" type="cond" truecount="1" falsecount="0"/>
      <line num="57" count="3" type="stmt"/>
      <line num="58" count="3" type="stmt"/>
      <line num="59" count="3" type="stmt"/>
      <line num="60" count="3" type="stmt"/>
      <line num="61" count="3" type="stmt"/>
      <line num="62" count="3" type="stmt"/>
      <line num="63" count="3" type="stmt"/>
      <line num="64" count="3" type="stmt"/>
      <line num="65" count="1" type="stmt"/>
      <line num="66" count="18" type="cond" truecount="1" falsecount="0"/>
      <line num="67" count="18" type="stmt"/>
      <line num="68" count="18" type="stmt"/>
      <line num="69" count="18" type="stmt"/>
      <line num="70" count="1" type="stmt"/>
      <line num="71" count="15" type="cond" truecount="1" falsecount="0"/>
      <line num="72" count="15" type="stmt"/>
      <line num="73" count="15" type="stmt"/>
      <line num="74" count="15" type="stmt"/>
      <line num="75" count="15" type="stmt"/>
      <line num="76" count="15" type="stmt"/>
      <line num="77" count="15" type="stmt"/>
      <line num="78" count="1" type="stmt"/>
      <line num="79" count="1" type="cond" truecount="1" falsecount="0"/>
      <line num="80" count="14" type="stmt"/>
      <line num="81" count="14" type="stmt"/>
      <line num="82" count="14" type="stmt"/>
      <line num="83" count="14" type="stmt"/>
      <line num="84" count="14" type="stmt"/>
      <line num="85" count="14" type="cond" truecount="1" falsecount="0"/>
      <line num="86" count="14" type="stmt"/>
      <line num="87" count="14" type="stmt"/>
      <line num="88" count="14" type="stmt"/>
      <line num="89" count="14" type="stmt"/>
      <line num="90" count="14" type="stmt"/>
      <line num="91" count="14" type="stmt"/>
      <line num="92" count="14" type="stmt"/>
      <line num="93" count="14" type="cond" truecount="1" falsecount="0"/>
      <line num="94" count="3" type="stmt"/>
      <line num="95" count="3" type="stmt"/>
      <line num="96" count="3" type="stmt"/>
      <line num="97" count="3" type="stmt"/>
      <line num="98" count="14" type="stmt"/>
      <line num="99" count="14" type="stmt"/>
      <line num="100" count="1" type="stmt"/>
      <line num="101" count="1" type="cond" truecount="1" falsecount="0"/>
      <line num="102" count="1" type="stmt"/>
      <line num="103" count="1" type="stmt"/>
      <line num="104" count="1" type="stmt"/>
      <line num="105" count="1" type="cond" truecount="1" falsecount="0"/>
      <line num="106" count="1" type="stmt"/>
      <line num="107" count="1" type="stmt"/>
      <line num="108" count="1" type="stmt"/>
      <line num="109" count="1" type="cond" truecount="1" falsecount="0"/>
      <line num="110" count="3" type="cond" truecount="1" falsecount="0"/>
      <line num="111" count="1" type="stmt"/>
      <line num="112" count="3" type="cond" truecount="1" falsecount="0"/>
      <line num="113" count="2" type="stmt"/>
      <line num="114" count="2" type="stmt"/>
      <line num="115" count="2" type="stmt"/>
      <line num="116" count="3" type="stmt"/>
      <line num="117" count="3" type="stmt"/>
      <line num="118" count="3" type="stmt"/>
      <line num="119" count="3" type="stmt"/>
      <line num="120" count="1" type="stmt"/>
      <line num="121" count="2" type="cond" truecount="1" falsecount="0"/>
      <line num="122" count="2" type="stmt"/>
      <line num="123" count="2" type="stmt"/>
      <line num="124" count="2" type="stmt"/>
      <line num="125" count="2" type="stmt"/>
      <line num="126" count="2" type="stmt"/>
      <line num="127" count="2" type="cond" truecount="1" falsecount="0"/>
      <line num="128" count="13" type="stmt"/>
      <line num="129" count="13" type="stmt"/>
      <line num="130" count="13" type="stmt"/>
      <line num="131" count="13" type="stmt"/>
      <line num="132" count="13" type="stmt"/>
      <line num="133" count="13" type="stmt"/>
      <line num="134" count="13" type="stmt"/>
      <line num="135" count="2" type="stmt"/>
    </file>
  </project>
</coverage>
