<?xml version="1.0" encoding="UTF-8"?>
<coverage generated="1706958386663" clover="3.2.0">
  <project timestamp="1706958386663" name="All files">
    <metrics statements="103" coveredstatements="103" conditionals="42" coveredconditionals="42" methods="32" coveredmethods="32" elements="177" coveredelements="177" complexity="0" loc="103" ncloc="103" packages="2" files="6" classes="6"/>
    <package name="src">
      <metrics statements="60" coveredstatements="60" conditionals="26" coveredconditionals="26" methods="16" coveredmethods="16"/>
      <file name="api.ts" path="/Users/ulyana/Desktop/projects/otus/weather-ula-otus/src/api.ts">
        <metrics statements="20" coveredstatements="20" conditionals="10" coveredconditionals="10" methods="4" coveredmethods="4"/>
        <line num="5" count="65" type="stmt"/>
        <line num="6" count="65" type="stmt"/>
        <line num="7" count="55" type="stmt"/>
        <line num="9" count="10" type="stmt"/>
        <line num="16" count="9" type="stmt"/>
        <line num="19" count="9" type="cond" truecount="2" falsecount="0"/>
        <line num="20" count="4" type="stmt"/>
        <line num="21" count="4" type="stmt"/>
        <line num="22" count="4" type="stmt"/>
        <line num="24" count="5" type="stmt"/>
        <line num="28" count="20" type="stmt"/>
        <line num="29" count="20" type="stmt"/>
        <line num="30" count="20" type="cond" truecount="4" falsecount="0"/>
        <line num="31" count="2" type="stmt"/>
        <line num="33" count="18" type="stmt"/>
        <line num="37" count="36" type="stmt"/>
        <line num="38" count="36" type="stmt"/>
        <line num="39" count="36" type="cond" truecount="4" falsecount="0"/>
        <line num="40" count="33" type="stmt"/>
        <line num="46" count="3" type="stmt"/>
      </file>
      <file name="app.ts" path="/Users/ulyana/Desktop/projects/otus/weather-ula-otus/src/app.ts">
        <metrics statements="33" coveredstatements="33" conditionals="14" coveredconditionals="14" methods="10" coveredmethods="10"/>
        <line num="16" count="5" type="stmt"/>
        <line num="26" count="5" type="stmt"/>
        <line num="30" count="21" type="cond" truecount="2" falsecount="0"/>
        <line num="31" count="16" type="stmt"/>
        <line num="32" count="16" type="stmt"/>
        <line num="33" count="16" type="stmt"/>
        <line num="38" count="2" type="stmt"/>
        <line num="39" count="2" type="cond" truecount="4" falsecount="0"/>
        <line num="40" count="1" type="stmt"/>
        <line num="45" count="16" type="stmt"/>
        <line num="46" count="16" type="stmt"/>
        <line num="47" count="16" type="stmt"/>
        <line num="49" count="16" type="cond" truecount="2" falsecount="0"/>
        <line num="51" count="15" type="stmt"/>
        <line num="52" count="76" type="cond" truecount="2" falsecount="0"/>
        <line num="53" count="14" type="stmt"/>
        <line num="54" count="14" type="cond" truecount="2" falsecount="0"/>
        <line num="55" count="3" type="stmt"/>
        <line num="57" count="86" type="stmt"/>
        <line num="59" count="15" type="stmt"/>
        <line num="63" count="2" type="stmt"/>
        <line num="64" count="2" type="cond" truecount="2" falsecount="0"/>
        <line num="65" count="1" type="stmt"/>
        <line num="69" count="5" type="stmt"/>
        <line num="76" count="21" type="stmt"/>
        <line num="77" count="21" type="stmt"/>
        <line num="78" count="21" type="stmt"/>
        <line num="79" count="21" type="stmt"/>
        <line num="111" count="5" type="stmt"/>
        <line num="112" count="5" type="stmt"/>
        <line num="113" count="2" type="stmt"/>
        <line num="116" count="5" type="stmt"/>
        <line num="117" count="5" type="stmt"/>
      </file>
      <file name="constants.ts" path="/Users/ulyana/Desktop/projects/otus/weather-ula-otus/src/constants.ts">
        <metrics statements="1" coveredstatements="1" conditionals="0" coveredconditionals="0" methods="0" coveredmethods="0"/>
        <line num="1" count="2" type="stmt"/>
      </file>
      <file name="storage.ts" path="/Users/ulyana/Desktop/projects/otus/weather-ula-otus/src/storage.ts">
        <metrics statements="6" coveredstatements="6" conditionals="2" coveredconditionals="2" methods="2" coveredmethods="2"/>
        <line num="1" count="2" type="stmt"/>
        <line num="3" count="16" type="stmt"/>
        <line num="7" count="7" type="stmt"/>
        <line num="8" count="7" type="cond" truecount="2" falsecount="0"/>
        <line num="9" count="3" type="stmt"/>
        <line num="11" count="4" type="stmt"/>
      </file>
    </package>
    <package name="src.lib">
      <metrics statements="43" coveredstatements="43" conditionals="16" coveredconditionals="16" methods="16" coveredmethods="16"/>
      <file name="component.ts" path="/Users/ulyana/Desktop/projects/otus/weather-ula-otus/src/lib/component.ts">
        <metrics statements="19" coveredstatements="19" conditionals="1" coveredconditionals="1" methods="7" coveredmethods="7"/>
        <line num="4" count="7" type="stmt"/>
        <line num="5" count="7" type="stmt"/>
        <line num="6" count="7" type="stmt"/>
        <line num="12" count="7" type="stmt"/>
        <line num="13" count="7" type="stmt"/>
        <line num="14" count="7" type="stmt"/>
        <line num="23" count="24" type="stmt"/>
        <line num="24" count="24" type="stmt"/>
        <line num="25" count="49" type="stmt"/>
        <line num="27" count="24" type="stmt"/>
        <line num="28" count="24" type="stmt"/>
        <line num="32" count="24" type="stmt"/>
        <line num="33" count="24" type="stmt"/>
        <line num="34" count="66" type="stmt"/>
        <line num="35" count="66" type="stmt"/>
        <line num="36" count="66" type="stmt"/>
        <line num="37" count="18" type="stmt"/>
        <line num="39" count="66" type="stmt"/>
        <line num="40" count="66" type="stmt"/>
      </file>
      <file name="templater.ts" path="/Users/ulyana/Desktop/projects/otus/weather-ula-otus/src/lib/templater.ts">
        <metrics statements="24" coveredstatements="24" conditionals="15" coveredconditionals="15" methods="9" coveredmethods="9"/>
        <line num="5" count="30" type="stmt"/>
        <line num="13" count="167" type="stmt"/>
        <line num="14" count="167" type="stmt"/>
        <line num="17" count="23" type="cond" truecount="4" falsecount="0"/>
        <line num="25" count="92" type="cond" truecount="2" falsecount="0"/>
        <line num="26" count="19" type="stmt"/>
        <line num="28" count="73" type="stmt"/>
        <line num="31" count="92" type="stmt"/>
        <line num="34" count="94" type="stmt"/>
        <line num="37" count="92" type="cond" truecount="2" falsecount="0"/>
        <line num="38" count="13" type="stmt"/>
        <line num="40" count="79" type="stmt"/>
        <line num="43" count="92" type="stmt"/>
        <line num="55" count="167" type="stmt"/>
        <line num="58" count="48" type="stmt"/>
        <line num="60" count="48" type="stmt"/>
        <line num="64" count="48" type="stmt"/>
        <line num="68" count="167" type="stmt"/>
        <line num="69" count="229" type="cond" truecount="2" falsecount="0"/>
        <line num="72" count="167" type="stmt"/>
        <line num="87" count="19" type="stmt"/>
        <line num="92" count="73" type="stmt"/>
        <line num="93" count="73" type="stmt"/>
        <line num="94" count="73" type="stmt"/>
      </file>
    </package>
  </project>
</coverage>
