{"/Users/ulyana/Desktop/projects/otus/weather-ula-otus/src/api.ts": {"path":"/Users/ulyana/Desktop/projects/otus/weather-ula-otus/src/api.ts","statementMap":{"0":{"start":{"line":5,"column":4},"end":{"line":10,"column":5}},"1":{"start":{"line":6,"column":23},"end":{"line":6,"column":40}},"2":{"start":{"line":7,"column":8},"end":{"line":7,"column":28}},"3":{"start":{"line":9,"column":8},"end":{"line":9,"column":19}},"4":{"start":{"line":16,"column":36},"end":{"line":18,"column":5}},"5":{"start":{"line":19,"column":4},"end":{"line":23,"column":5}},"6":{"start":{"line":20,"column":25},"end":{"line":20,"column":34}},"7":{"start":{"line":21,"column":25},"end":{"line":21,"column":61}},"8":{"start":{"line":22,"column":8},"end":{"line":22,"column":37}},"9":{"start":{"line":24,"column":4},"end":{"line":24,"column":15}},"10":{"start":{"line":28,"column":17},"end":{"line":28,"column":125}},"11":{"start":{"line":29,"column":17},"end":{"line":29,"column":38}},"12":{"start":{"line":30,"column":4},"end":{"line":32,"column":5}},"13":{"start":{"line":31,"column":8},"end":{"line":31,"column":66}},"14":{"start":{"line":33,"column":4},"end":{"line":33,"column":15}},"15":{"start":{"line":37,"column":17},"end":{"line":37,"column":125}},"16":{"start":{"line":38,"column":17},"end":{"line":38,"column":38}},"17":{"start":{"line":39,"column":4},"end":{"line":45,"column":5}},"18":{"start":{"line":40,"column":8},"end":{"line":44,"column":26}},"19":{"start":{"line":46,"column":4},"end":{"line":46,"column":15}}},"fnMap":{"0":{"name":"fetchData","decl":{"start":{"line":4,"column":15},"end":{"line":4,"column":24}},"loc":{"start":{"line":4,"column":39},"end":{"line":11,"column":1}},"line":4},"1":{"name":"getCity","decl":{"start":{"line":15,"column":22},"end":{"line":15,"column":29}},"loc":{"start":{"line":15,"column":32},"end":{"line":25,"column":1}},"line":15},"2":{"name":"getCityCoordinatesByName","decl":{"start":{"line":27,"column":22},"end":{"line":27,"column":46}},"loc":{"start":{"line":27,"column":65},"end":{"line":34,"column":1}},"line":27},"3":{"name":"getWeather","decl":{"start":{"line":36,"column":22},"end":{"line":36,"column":32}},"loc":{"start":{"line":36,"column":51},"end":{"line":47,"column":1}},"line":36}},"branchMap":{"0":{"loc":{"start":{"line":19,"column":4},"end":{"line":23,"column":5}},"type":"if","locations":[{"start":{"line":19,"column":4},"end":{"line":23,"column":5}},{"start":{},"end":{}}],"line":19},"1":{"loc":{"start":{"line":30,"column":4},"end":{"line":32,"column":5}},"type":"if","locations":[{"start":{"line":30,"column":4},"end":{"line":32,"column":5}},{"start":{},"end":{}}],"line":30},"2":{"loc":{"start":{"line":30,"column":8},"end":{"line":30,"column":26}},"type":"binary-expr","locations":[{"start":{"line":30,"column":8},"end":{"line":30,"column":12}},{"start":{"line":30,"column":16},"end":{"line":30,"column":26}}],"line":30},"3":{"loc":{"start":{"line":39,"column":4},"end":{"line":45,"column":5}},"type":"if","locations":[{"start":{"line":39,"column":4},"end":{"line":45,"column":5}},{"start":{},"end":{}}],"line":39},"4":{"loc":{"start":{"line":39,"column":8},"end":{"line":39,"column":28}},"type":"binary-expr","locations":[{"start":{"line":39,"column":8},"end":{"line":39,"column":12}},{"start":{"line":39,"column":16},"end":{"line":39,"column":28}}],"line":39}},"s":{"0":65,"1":65,"2":55,"3":10,"4":9,"5":9,"6":4,"7":4,"8":4,"9":5,"10":20,"11":20,"12":20,"13":2,"14":18,"15":36,"16":36,"17":36,"18":33,"19":3},"f":{"0":65,"1":9,"2":20,"3":36},"b":{"0":[4,5],"1":[2,18],"2":[20,18],"3":[33,3],"4":[36,33]},"_coverageSchema":"1a1c01bbd47fc00a2c39e90264f33305004495a9","hash":"6e5d75a8c899c0f9d20271aa6279415ae83c1514"}
,"/Users/ulyana/Desktop/projects/otus/weather-ula-otus/src/app.ts": {"path":"/Users/ulyana/Desktop/projects/otus/weather-ula-otus/src/app.ts","statementMap":{"0":{"start":{"line":16,"column":12},"end":{"line":23,"column":14}},"1":{"start":{"line":26,"column":8},"end":{"line":26,"column":45}},"2":{"start":{"line":30,"column":8},"end":{"line":34,"column":9}},"3":{"start":{"line":31,"column":29},"end":{"line":31,"column":69}},"4":{"start":{"line":32,"column":28},"end":{"line":32,"column":54}},"5":{"start":{"line":33,"column":12},"end":{"line":33,"column":64}},"6":{"start":{"line":38,"column":23},"end":{"line":38,"column":46}},"7":{"start":{"line":39,"column":8},"end":{"line":41,"column":9}},"8":{"start":{"line":40,"column":12},"end":{"line":40,"column":49}},"9":{"start":{"line":45,"column":22},"end":{"line":45,"column":73}},"10":{"start":{"line":46,"column":25},"end":{"line":46,"column":36}},"11":{"start":{"line":47,"column":8},"end":{"line":47,"column":24}},"12":{"start":{"line":49,"column":8},"end":{"line":49,"column":49}},"13":{"start":{"line":49,"column":43},"end":{"line":49,"column":49}},"14":{"start":{"line":51,"column":31},"end":{"line":51,"column":41}},"15":{"start":{"line":52,"column":8},"end":{"line":58,"column":9}},"16":{"start":{"line":52,"column":44},"end":{"line":52,"column":62}},"17":{"start":{"line":53,"column":12},"end":{"line":53,"column":48}},"18":{"start":{"line":54,"column":12},"end":{"line":56,"column":13}},"19":{"start":{"line":55,"column":16},"end":{"line":55,"column":34}},"20":{"start":{"line":57,"column":12},"end":{"line":57,"column":58}},"21":{"start":{"line":57,"column":51},"end":{"line":57,"column":56}},"22":{"start":{"line":59,"column":8},"end":{"line":59,"column":34}},"23":{"start":{"line":63,"column":19},"end":{"line":63,"column":37}},"24":{"start":{"line":64,"column":8},"end":{"line":66,"column":9}},"25":{"start":{"line":65,"column":12},"end":{"line":65,"column":28}},"26":{"start":{"line":69,"column":13},"end":{"line":73,"column":5}},"27":{"start":{"line":76,"column":24},"end":{"line":76,"column":44}},"28":{"start":{"line":77,"column":27},"end":{"line":77,"column":42}},"29":{"start":{"line":78,"column":24},"end":{"line":78,"column":55}},"30":{"start":{"line":79,"column":8},"end":{"line":106,"column":5}},"31":{"start":{"line":111,"column":16},"end":{"line":111,"column":45}},"32":{"start":{"line":112,"column":16},"end":{"line":115,"column":6}},"33":{"start":{"line":113,"column":47},"end":{"line":113,"column":56}},"34":{"start":{"line":116,"column":4},"end":{"line":116,"column":29}},"35":{"start":{"line":117,"column":4},"end":{"line":117,"column":14}}},"fnMap":{"0":{"name":"(anonymous_0)","decl":{"start":{"line":25,"column":4},"end":{"line":25,"column":5}},"loc":{"start":{"line":25,"column":14},"end":{"line":27,"column":5}},"line":25},"1":{"name":"(anonymous_1)","decl":{"start":{"line":29,"column":4},"end":{"line":29,"column":5}},"loc":{"start":{"line":29,"column":40},"end":{"line":35,"column":5}},"line":29},"2":{"name":"(anonymous_2)","decl":{"start":{"line":37,"column":4},"end":{"line":37,"column":5}},"loc":{"start":{"line":37,"column":26},"end":{"line":42,"column":5}},"line":37},"3":{"name":"(anonymous_3)","decl":{"start":{"line":44,"column":4},"end":{"line":44,"column":5}},"loc":{"start":{"line":44,"column":22},"end":{"line":60,"column":5}},"line":44},"4":{"name":"(anonymous_4)","decl":{"start":{"line":52,"column":29},"end":{"line":52,"column":30}},"loc":{"start":{"line":52,"column":44},"end":{"line":52,"column":62}},"line":52},"5":{"name":"(anonymous_5)","decl":{"start":{"line":57,"column":36},"end":{"line":57,"column":37}},"loc":{"start":{"line":57,"column":51},"end":{"line":57,"column":56}},"line":57},"6":{"name":"(anonymous_6)","decl":{"start":{"line":62,"column":4},"end":{"line":62,"column":5}},"loc":{"start":{"line":62,"column":22},"end":{"line":67,"column":5}},"line":62},"7":{"name":"(anonymous_7)","decl":{"start":{"line":75,"column":4},"end":{"line":75,"column":5}},"loc":{"start":{"line":75,"column":13},"end":{"line":107,"column":5}},"line":75},"8":{"name":"start","decl":{"start":{"line":110,"column":22},"end":{"line":110,"column":27}},"loc":{"start":{"line":110,"column":30},"end":{"line":118,"column":1}},"line":110},"9":{"name":"(anonymous_9)","decl":{"start":{"line":113,"column":35},"end":{"line":113,"column":36}},"loc":{"start":{"line":113,"column":47},"end":{"line":113,"column":56}},"line":113}},"branchMap":{"0":{"loc":{"start":{"line":30,"column":8},"end":{"line":34,"column":9}},"type":"if","locations":[{"start":{"line":30,"column":8},"end":{"line":34,"column":9}},{"start":{},"end":{}}],"line":30},"1":{"loc":{"start":{"line":39,"column":8},"end":{"line":41,"column":9}},"type":"if","locations":[{"start":{"line":39,"column":8},"end":{"line":41,"column":9}},{"start":{},"end":{}}],"line":39},"2":{"loc":{"start":{"line":39,"column":12},"end":{"line":39,"column":49}},"type":"binary-expr","locations":[{"start":{"line":39,"column":12},"end":{"line":39,"column":26}},{"start":{"line":39,"column":30},"end":{"line":39,"column":49}}],"line":39},"3":{"loc":{"start":{"line":49,"column":8},"end":{"line":49,"column":49}},"type":"if","locations":[{"start":{"line":49,"column":8},"end":{"line":49,"column":49}},{"start":{},"end":{}}],"line":49},"4":{"loc":{"start":{"line":52,"column":8},"end":{"line":58,"column":9}},"type":"if","locations":[{"start":{"line":52,"column":8},"end":{"line":58,"column":9}},{"start":{},"end":{}}],"line":52},"5":{"loc":{"start":{"line":54,"column":12},"end":{"line":56,"column":13}},"type":"if","locations":[{"start":{"line":54,"column":12},"end":{"line":56,"column":13}},{"start":{},"end":{}}],"line":54},"6":{"loc":{"start":{"line":64,"column":8},"end":{"line":66,"column":9}},"type":"if","locations":[{"start":{"line":64,"column":8},"end":{"line":66,"column":9}},{"start":{},"end":{}}],"line":64}},"s":{"0":5,"1":5,"2":21,"3":16,"4":16,"5":16,"6":2,"7":2,"8":1,"9":16,"10":16,"11":16,"12":16,"13":1,"14":15,"15":15,"16":76,"17":14,"18":14,"19":3,"20":14,"21":86,"22":15,"23":2,"24":2,"25":1,"26":5,"27":21,"28":21,"29":21,"30":21,"31":5,"32":5,"33":2,"34":5,"35":5},"f":{"0":5,"1":21,"2":2,"3":16,"4":76,"5":86,"6":2,"7":21,"8":5,"9":2},"b":{"0":[16,5],"1":[1,1],"2":[2,2],"3":[1,15],"4":[14,1],"5":[3,11],"6":[1,1]},"_coverageSchema":"1a1c01bbd47fc00a2c39e90264f33305004495a9","hash":"3e90024094f7c789357c94c66ff6cd3140f5663b"}
,"/Users/ulyana/Desktop/projects/otus/weather-ula-otus/src/constants.ts": {"path":"/Users/ulyana/Desktop/projects/otus/weather-ula-otus/src/constants.ts","statementMap":{"0":{"start":{"line":1,"column":29},"end":{"line":4,"column":1}}},"fnMap":{},"branchMap":{},"s":{"0":2},"f":{},"b":{},"_coverageSchema":"1a1c01bbd47fc00a2c39e90264f33305004495a9","hash":"78a9ad6d43900caa25c9e9838ed94354533f69cd"}
,"/Users/ulyana/Desktop/projects/otus/weather-ula-otus/src/storage.ts": {"path":"/Users/ulyana/Desktop/projects/otus/weather-ula-otus/src/storage.ts","statementMap":{"0":{"start":{"line":1,"column":26},"end":{"line":1,"column":34}},"1":{"start":{"line":3,"column":4},"end":{"line":3,"column":65}},"2":{"start":{"line":7,"column":20},"end":{"line":7,"column":52}},"3":{"start":{"line":8,"column":4},"end":{"line":10,"column":5}},"4":{"start":{"line":9,"column":8},"end":{"line":9,"column":34}},"5":{"start":{"line":11,"column":4},"end":{"line":11,"column":13}}},"fnMap":{"0":{"name":"saveList","decl":{"start":{"line":2,"column":16},"end":{"line":2,"column":24}},"loc":{"start":{"line":2,"column":41},"end":{"line":4,"column":1}},"line":2},"1":{"name":"loadList","decl":{"start":{"line":6,"column":16},"end":{"line":6,"column":24}},"loc":{"start":{"line":6,"column":37},"end":{"line":12,"column":1}},"line":6}},"branchMap":{"0":{"loc":{"start":{"line":8,"column":4},"end":{"line":10,"column":5}},"type":"if","locations":[{"start":{"line":8,"column":4},"end":{"line":10,"column":5}},{"start":{},"end":{}}],"line":8}},"s":{"0":2,"1":16,"2":7,"3":7,"4":3,"5":4},"f":{"0":16,"1":7},"b":{"0":[3,4]},"_coverageSchema":"1a1c01bbd47fc00a2c39e90264f33305004495a9","hash":"bf6235156c836552550cf4324778b3446dc775fa"}
,"/Users/ulyana/Desktop/projects/otus/weather-ula-otus/src/lib/component.ts": {"path":"/Users/ulyana/Desktop/projects/otus/weather-ula-otus/src/lib/component.ts","statementMap":{"0":{"start":{"line":4,"column":28},"end":{"line":4,"column":74}},"1":{"start":{"line":5,"column":22},"end":{"line":5,"column":33}},"2":{"start":{"line":6,"column":23},"end":{"line":6,"column":64}},"3":{"start":{"line":12,"column":8},"end":{"line":15,"column":10}},"4":{"start":{"line":13,"column":12},"end":{"line":13,"column":39}},"5":{"start":{"line":14,"column":12},"end":{"line":14,"column":26}},"6":{"start":{"line":23,"column":8},"end":{"line":23,"column":48}},"7":{"start":{"line":24,"column":8},"end":{"line":26,"column":10}},"8":{"start":{"line":25,"column":12},"end":{"line":25,"column":57}},"9":{"start":{"line":27,"column":8},"end":{"line":27,"column":64}},"10":{"start":{"line":28,"column":8},"end":{"line":28,"column":25}},"11":{"start":{"line":32,"column":8},"end":{"line":32,"column":31}},"12":{"start":{"line":33,"column":8},"end":{"line":42,"column":9}},"13":{"start":{"line":34,"column":39},"end":{"line":34,"column":53}},"14":{"start":{"line":35,"column":12},"end":{"line":41,"column":13}},"15":{"start":{"line":36,"column":31},"end":{"line":38,"column":17}},"16":{"start":{"line":37,"column":20},"end":{"line":37,"column":38}},"17":{"start":{"line":39,"column":16},"end":{"line":39,"column":58}},"18":{"start":{"line":40,"column":16},"end":{"line":40,"column":68}}},"fnMap":{"0":{"name":"(anonymous_0)","decl":{"start":{"line":8,"column":4},"end":{"line":8,"column":5}},"loc":{"start":{"line":11,"column":6},"end":{"line":16,"column":5}},"line":11},"1":{"name":"(anonymous_1)","decl":{"start":{"line":12,"column":31},"end":{"line":12,"column":32}},"loc":{"start":{"line":12,"column":37},"end":{"line":15,"column":9}},"line":12},"2":{"name":"(anonymous_2)","decl":{"start":{"line":18,"column":4},"end":{"line":18,"column":5}},"loc":{"start":{"line":18,"column":20},"end":{"line":18,"column":22}},"line":18},"3":{"name":"(anonymous_3)","decl":{"start":{"line":22,"column":4},"end":{"line":22,"column":5}},"loc":{"start":{"line":22,"column":46},"end":{"line":29,"column":5}},"line":22},"4":{"name":"(anonymous_4)","decl":{"start":{"line":24,"column":35},"end":{"line":24,"column":36}},"loc":{"start":{"line":24,"column":68},"end":{"line":26,"column":9}},"line":24},"5":{"name":"(anonymous_5)","decl":{"start":{"line":31,"column":4},"end":{"line":31,"column":5}},"loc":{"start":{"line":31,"column":25},"end":{"line":43,"column":5}},"line":31},"6":{"name":"(anonymous_6)","decl":{"start":{"line":36,"column":31},"end":{"line":36,"column":32}},"loc":{"start":{"line":36,"column":45},"end":{"line":38,"column":17}},"line":36}},"branchMap":{"0":{"loc":{"start":{"line":10,"column":8},"end":{"line":10,"column":41}},"type":"default-arg","locations":[{"start":{"line":10,"column":39},"end":{"line":10,"column":41}}],"line":10}},"s":{"0":7,"1":7,"2":7,"3":7,"4":7,"5":7,"6":24,"7":24,"8":49,"9":24,"10":24,"11":24,"12":24,"13":66,"14":66,"15":66,"16":18,"17":66,"18":66},"f":{"0":7,"1":7,"2":2,"3":24,"4":49,"5":24,"6":18},"b":{"0":[1]},"_coverageSchema":"1a1c01bbd47fc00a2c39e90264f33305004495a9","hash":"469769605703acdfd7dff82309eec7ca84861e51"}
,"/Users/ulyana/Desktop/projects/otus/weather-ula-otus/src/lib/templater.ts": {"path":"/Users/ulyana/Desktop/projects/otus/weather-ula-otus/src/lib/templater.ts","statementMap":{"0":{"start":{"line":5,"column":4},"end":{"line":5,"column":32}},"1":{"start":{"line":13,"column":25},"end":{"line":13,"column":30}},"2":{"start":{"line":14,"column":4},"end":{"line":53,"column":5}},"3":{"start":{"line":17,"column":12},"end":{"line":51,"column":20}},"4":{"start":{"line":25,"column":30},"end":{"line":29,"column":31}},"5":{"start":{"line":26,"column":34},"end":{"line":26,"column":79}},"6":{"start":{"line":28,"column":34},"end":{"line":28,"column":59}},"7":{"start":{"line":31,"column":50},"end":{"line":35,"column":31}},"8":{"start":{"line":34,"column":52},"end":{"line":34,"column":74}},"9":{"start":{"line":37,"column":30},"end":{"line":41,"column":31}},"10":{"start":{"line":38,"column":34},"end":{"line":38,"column":59}},"11":{"start":{"line":40,"column":34},"end":{"line":40,"column":69}},"12":{"start":{"line":43,"column":30},"end":{"line":47,"column":31}},"13":{"start":{"line":55,"column":4},"end":{"line":66,"column":5}},"14":{"start":{"line":58,"column":25},"end":{"line":58,"column":27}},"15":{"start":{"line":60,"column":12},"end":{"line":63,"column":24}},"16":{"start":{"line":64,"column":12},"end":{"line":64,"column":25}},"17":{"start":{"line":68,"column":4},"end":{"line":70,"column":5}},"18":{"start":{"line":69,"column":8},"end":{"line":69,"column":52}},"19":{"start":{"line":72,"column":4},"end":{"line":76,"column":15}},"20":{"start":{"line":87,"column":4},"end":{"line":96,"column":5}},"21":{"start":{"line":92,"column":12},"end":{"line":92,"column":32}},"22":{"start":{"line":93,"column":12},"end":{"line":93,"column":27}},"23":{"start":{"line":94,"column":12},"end":{"line":94,"column":49}}},"fnMap":{"0":{"name":"templater","decl":{"start":{"line":1,"column":16},"end":{"line":1,"column":25}},"loc":{"start":{"line":4,"column":10},"end":{"line":6,"column":1}},"line":4},"1":{"name":"template","decl":{"start":{"line":8,"column":9},"end":{"line":8,"column":17}},"loc":{"start":{"line":12,"column":10},"end":{"line":77,"column":1}},"line":12},"2":{"name":"(anonymous_2)","decl":{"start":{"line":16,"column":8},"end":{"line":16,"column":9}},"loc":{"start":{"line":16,"column":60},"end":{"line":52,"column":9}},"line":16},"3":{"name":"(anonymous_3)","decl":{"start":{"line":20,"column":26},"end":{"line":20,"column":27}},"loc":{"start":{"line":24,"column":31},"end":{"line":48,"column":27}},"line":24},"4":{"name":"(anonymous_4)","decl":{"start":{"line":34,"column":40},"end":{"line":34,"column":41}},"loc":{"start":{"line":34,"column":52},"end":{"line":34,"column":74}},"line":34},"5":{"name":"(anonymous_5)","decl":{"start":{"line":57,"column":8},"end":{"line":57,"column":9}},"loc":{"start":{"line":57,"column":71},"end":{"line":65,"column":9}},"line":57},"6":{"name":"(anonymous_6)","decl":{"start":{"line":68,"column":46},"end":{"line":68,"column":47}},"loc":{"start":{"line":69,"column":8},"end":{"line":69,"column":52}},"line":69},"7":{"name":"templateIteration","decl":{"start":{"line":86,"column":9},"end":{"line":86,"column":26}},"loc":{"start":{"line":86,"column":60},"end":{"line":97,"column":1}},"line":86},"8":{"name":"(anonymous_8)","decl":{"start":{"line":91,"column":8},"end":{"line":91,"column":9}},"loc":{"start":{"line":91,"column":20},"end":{"line":95,"column":9}},"line":91}},"branchMap":{"0":{"loc":{"start":{"line":3,"column":4},"end":{"line":3,"column":34}},"type":"default-arg","locations":[{"start":{"line":3,"column":32},"end":{"line":3,"column":34}}],"line":3},"1":{"loc":{"start":{"line":17,"column":19},"end":{"line":51,"column":20}},"type":"cond-expr","locations":[{"start":{"line":18,"column":18},"end":{"line":50,"column":31}},{"start":{"line":51,"column":18},"end":{"line":51,"column":20}}],"line":17},"2":{"loc":{"start":{"line":17,"column":19},"end":{"line":17,"column":70}},"type":"binary-expr","locations":[{"start":{"line":17,"column":19},"end":{"line":17,"column":35}},{"start":{"line":17,"column":39},"end":{"line":17,"column":70}}],"line":17},"3":{"loc":{"start":{"line":25,"column":30},"end":{"line":29,"column":31}},"type":"if","locations":[{"start":{"line":25,"column":30},"end":{"line":29,"column":31}},{"start":{"line":27,"column":37},"end":{"line":29,"column":31}}],"line":25},"4":{"loc":{"start":{"line":37,"column":30},"end":{"line":41,"column":31}},"type":"if","locations":[{"start":{"line":37,"column":30},"end":{"line":41,"column":31}},{"start":{"line":39,"column":37},"end":{"line":41,"column":31}}],"line":37},"5":{"loc":{"start":{"line":61,"column":16},"end":{"line":63,"column":24}},"type":"cond-expr","locations":[{"start":{"line":62,"column":22},"end":{"line":62,"column":51}},{"start":{"line":63,"column":22},"end":{"line":63,"column":24}}],"line":61},"6":{"loc":{"start":{"line":61,"column":16},"end":{"line":61,"column":76}},"type":"binary-expr","locations":[{"start":{"line":61,"column":16},"end":{"line":61,"column":38}},{"start":{"line":61,"column":42},"end":{"line":61,"column":76}}],"line":61},"7":{"loc":{"start":{"line":69,"column":8},"end":{"line":69,"column":52}},"type":"cond-expr","locations":[{"start":{"line":69,"column":25},"end":{"line":69,"column":46}},{"start":{"line":69,"column":50},"end":{"line":69,"column":52}}],"line":69}},"s":{"0":30,"1":167,"2":167,"3":23,"4":92,"5":19,"6":73,"7":92,"8":94,"9":92,"10":13,"11":79,"12":92,"13":167,"14":48,"15":48,"16":48,"17":167,"18":229,"19":167,"20":19,"21":73,"22":73,"23":73},"f":{"0":30,"1":167,"2":23,"3":92,"4":94,"5":48,"6":229,"7":19,"8":73},"b":{"0":[2],"1":[22,1],"2":[23,22],"3":[19,73],"4":[13,79],"5":[45,3],"6":[48,45],"7":[228,1]},"_coverageSchema":"1a1c01bbd47fc00a2c39e90264f33305004495a9","hash":"75a1780b80f2d92eb62fff1c436dc907731d515e"}
}
