{"total": {"lines":{"total":142,"covered":142,"skipped":0,"pct":100},"statements":{"total":142,"covered":142,"skipped":0,"pct":100},"functions":{"total":10,"covered":10,"skipped":0,"pct":100},"branches":{"total":17,"covered":16,"skipped":0,"pct":94.11},"branchesTrue":{"total":0,"covered":0,"skipped":0,"pct":"Unknown"}}
,"/Users/ulyana/Desktop/projects/otus/weather-ula-otus/src/constants.js": {"lines":{"total":7,"covered":7,"skipped":0,"pct":100},"functions":{"total":0,"covered":0,"skipped":0,"pct":100},"statements":{"total":7,"covered":7,"skipped":0,"pct":100},"branches":{"total":0,"covered":0,"skipped":0,"pct":100}}
,"/Users/ulyana/Desktop/projects/otus/weather-ula-otus/src/main.js": {"lines":{"total":135,"covered":135,"skipped":0,"pct":100},"functions":{"total":10,"covered":10,"skipped":0,"pct":100},"statements":{"total":135,"covered":135,"skipped":0,"pct":100},"branches":{"total":17,"covered":16,"skipped":0,"pct":94.11}}
}
