{"/Users/ulyana/Desktop/projects/otus/weather-ula-otus/src/constants.js": {"path":"/Users/ulyana/Desktop/projects/otus/weather-ula-otus/src/constants.js","all":false,"statementMap":{"0":{"start":{"line":1,"column":0},"end":{"line":1,"column":29}},"1":{"start":{"line":2,"column":0},"end":{"line":2,"column":0}},"2":{"start":{"line":3,"column":0},"end":{"line":3,"column":30}},"3":{"start":{"line":4,"column":0},"end":{"line":4,"column":42}},"4":{"start":{"line":5,"column":0},"end":{"line":5,"column":33}},"5":{"start":{"line":6,"column":0},"end":{"line":6,"column":21}},"6":{"start":{"line":7,"column":0},"end":{"line":7,"column":1}}},"s":{"0":1,"1":1,"2":1,"3":1,"4":1,"5":1,"6":1},"branchMap":{},"b":{},"fnMap":{},"f":{}}
,"/Users/ulyana/Desktop/projects/otus/weather-ula-otus/src/main.js": {"path":"/Users/ulyana/Desktop/projects/otus/weather-ula-otus/src/main.js","all":false,"statementMap":{"0":{"start":{"line":1,"column":0},"end":{"line":1,"column":21}},"1":{"start":{"line":2,"column":0},"end":{"line":2,"column":50}},"2":{"start":{"line":3,"column":0},"end":{"line":3,"column":0}},"3":{"start":{"line":4,"column":0},"end":{"line":4,"column":0}},"4":{"start":{"line":5,"column":0},"end":{"line":5,"column":22}},"5":{"start":{"line":6,"column":0},"end":{"line":6,"column":0}},"6":{"start":{"line":7,"column":0},"end":{"line":7,"column":11}},"7":{"start":{"line":8,"column":0},"end":{"line":8,"column":38}},"8":{"start":{"line":9,"column":0},"end":{"line":9,"column":32}},"9":{"start":{"line":10,"column":0},"end":{"line":10,"column":32}},"10":{"start":{"line":11,"column":0},"end":{"line":11,"column":25}},"11":{"start":{"line":12,"column":0},"end":{"line":12,"column":6}},"12":{"start":{"line":13,"column":0},"end":{"line":13,"column":0}},"13":{"start":{"line":14,"column":0},"end":{"line":14,"column":28}},"14":{"start":{"line":15,"column":0},"end":{"line":15,"column":0}},"15":{"start":{"line":16,"column":0},"end":{"line":16,"column":25}},"16":{"start":{"line":17,"column":0},"end":{"line":17,"column":29}},"17":{"start":{"line":18,"column":0},"end":{"line":18,"column":52}},"18":{"start":{"line":19,"column":0},"end":{"line":19,"column":25}},"19":{"start":{"line":20,"column":0},"end":{"line":20,"column":18}},"20":{"start":{"line":21,"column":0},"end":{"line":21,"column":1}},"21":{"start":{"line":22,"column":0},"end":{"line":22,"column":0}},"22":{"start":{"line":23,"column":0},"end":{"line":23,"column":12}},"23":{"start":{"line":24,"column":0},"end":{"line":24,"column":0}},"24":{"start":{"line":25,"column":0},"end":{"line":25,"column":44}},"25":{"start":{"line":26,"column":0},"end":{"line":26,"column":126}},"26":{"start":{"line":27,"column":0},"end":{"line":27,"column":37}},"27":{"start":{"line":28,"column":0},"end":{"line":28,"column":37}},"28":{"start":{"line":29,"column":0},"end":{"line":29,"column":83}},"29":{"start":{"line":30,"column":0},"end":{"line":30,"column":0}},"30":{"start":{"line":31,"column":0},"end":{"line":31,"column":40}},"31":{"start":{"line":32,"column":0},"end":{"line":32,"column":39}},"32":{"start":{"line":33,"column":0},"end":{"line":33,"column":52}},"33":{"start":{"line":34,"column":0},"end":{"line":34,"column":0}},"34":{"start":{"line":35,"column":0},"end":{"line":35,"column":63}},"35":{"start":{"line":36,"column":0},"end":{"line":36,"column":43}},"36":{"start":{"line":37,"column":0},"end":{"line":37,"column":0}},"37":{"start":{"line":38,"column":0},"end":{"line":38,"column":77}},"38":{"start":{"line":39,"column":0},"end":{"line":39,"column":65}},"39":{"start":{"line":40,"column":0},"end":{"line":40,"column":0}},"40":{"start":{"line":41,"column":0},"end":{"line":41,"column":49}},"41":{"start":{"line":42,"column":0},"end":{"line":42,"column":36}},"42":{"start":{"line":43,"column":0},"end":{"line":43,"column":0}},"43":{"start":{"line":44,"column":0},"end":{"line":44,"column":65}},"44":{"start":{"line":45,"column":0},"end":{"line":45,"column":90}},"45":{"start":{"line":46,"column":0},"end":{"line":46,"column":1}},"46":{"start":{"line":47,"column":0},"end":{"line":47,"column":0}},"47":{"start":{"line":48,"column":0},"end":{"line":48,"column":31}},"48":{"start":{"line":49,"column":0},"end":{"line":49,"column":68}},"49":{"start":{"line":50,"column":0},"end":{"line":50,"column":34}},"50":{"start":{"line":51,"column":0},"end":{"line":51,"column":21}},"51":{"start":{"line":52,"column":0},"end":{"line":52,"column":20}},"52":{"start":{"line":53,"column":0},"end":{"line":53,"column":14}},"53":{"start":{"line":54,"column":0},"end":{"line":54,"column":1}},"54":{"start":{"line":55,"column":0},"end":{"line":55,"column":0}},"55":{"start":{"line":56,"column":0},"end":{"line":56,"column":35}},"56":{"start":{"line":57,"column":0},"end":{"line":57,"column":76}},"57":{"start":{"line":58,"column":0},"end":{"line":58,"column":34}},"58":{"start":{"line":59,"column":0},"end":{"line":59,"column":65}},"59":{"start":{"line":60,"column":0},"end":{"line":60,"column":37}},"60":{"start":{"line":61,"column":0},"end":{"line":61,"column":49}},"61":{"start":{"line":62,"column":0},"end":{"line":62,"column":20}},"62":{"start":{"line":63,"column":0},"end":{"line":63,"column":26}},"63":{"start":{"line":64,"column":0},"end":{"line":64,"column":1}},"64":{"start":{"line":65,"column":0},"end":{"line":65,"column":0}},"65":{"start":{"line":66,"column":0},"end":{"line":66,"column":24}},"66":{"start":{"line":67,"column":0},"end":{"line":67,"column":47}},"67":{"start":{"line":68,"column":0},"end":{"line":68,"column":123}},"68":{"start":{"line":69,"column":0},"end":{"line":69,"column":1}},"69":{"start":{"line":70,"column":0},"end":{"line":70,"column":0}},"70":{"start":{"line":71,"column":0},"end":{"line":71,"column":48}},"71":{"start":{"line":72,"column":0},"end":{"line":72,"column":126}},"72":{"start":{"line":73,"column":0},"end":{"line":73,"column":37}},"73":{"start":{"line":74,"column":0},"end":{"line":74,"column":37}},"74":{"start":{"line":75,"column":0},"end":{"line":75,"column":59}},"75":{"start":{"line":76,"column":0},"end":{"line":76,"column":49}},"76":{"start":{"line":77,"column":0},"end":{"line":77,"column":1}},"77":{"start":{"line":78,"column":0},"end":{"line":78,"column":0}},"78":{"start":{"line":79,"column":0},"end":{"line":79,"column":38}},"79":{"start":{"line":80,"column":0},"end":{"line":80,"column":49}},"80":{"start":{"line":81,"column":0},"end":{"line":81,"column":51}},"81":{"start":{"line":82,"column":0},"end":{"line":82,"column":33}},"82":{"start":{"line":83,"column":0},"end":{"line":83,"column":21}},"83":{"start":{"line":84,"column":0},"end":{"line":84,"column":31}},"84":{"start":{"line":85,"column":0},"end":{"line":85,"column":62}},"85":{"start":{"line":86,"column":0},"end":{"line":86,"column":44}},"86":{"start":{"line":87,"column":0},"end":{"line":87,"column":43}},"87":{"start":{"line":88,"column":0},"end":{"line":88,"column":28}},"88":{"start":{"line":89,"column":0},"end":{"line":89,"column":20}},"89":{"start":{"line":90,"column":0},"end":{"line":90,"column":30}},"90":{"start":{"line":91,"column":0},"end":{"line":91,"column":28}},"91":{"start":{"line":92,"column":0},"end":{"line":92,"column":63}},"92":{"start":{"line":93,"column":0},"end":{"line":93,"column":37}},"93":{"start":{"line":94,"column":0},"end":{"line":94,"column":36}},"94":{"start":{"line":95,"column":0},"end":{"line":95,"column":27}},"95":{"start":{"line":96,"column":0},"end":{"line":96,"column":67}},"96":{"start":{"line":97,"column":0},"end":{"line":97,"column":5}},"97":{"start":{"line":98,"column":0},"end":{"line":98,"column":0}},"98":{"start":{"line":99,"column":0},"end":{"line":99,"column":1}},"99":{"start":{"line":100,"column":0},"end":{"line":100,"column":0}},"100":{"start":{"line":101,"column":0},"end":{"line":101,"column":36}},"101":{"start":{"line":102,"column":0},"end":{"line":102,"column":50}},"102":{"start":{"line":103,"column":0},"end":{"line":103,"column":43}},"103":{"start":{"line":104,"column":0},"end":{"line":104,"column":31}},"104":{"start":{"line":105,"column":0},"end":{"line":105,"column":62}},"105":{"start":{"line":106,"column":0},"end":{"line":106,"column":5}},"106":{"start":{"line":107,"column":0},"end":{"line":107,"column":1}},"107":{"start":{"line":108,"column":0},"end":{"line":108,"column":0}},"108":{"start":{"line":109,"column":0},"end":{"line":109,"column":34}},"109":{"start":{"line":110,"column":0},"end":{"line":110,"column":50}},"110":{"start":{"line":111,"column":0},"end":{"line":111,"column":18}},"111":{"start":{"line":112,"column":0},"end":{"line":112,"column":12}},"112":{"start":{"line":113,"column":0},"end":{"line":113,"column":18}},"113":{"start":{"line":114,"column":0},"end":{"line":114,"column":28}},"114":{"start":{"line":115,"column":0},"end":{"line":115,"column":5}},"115":{"start":{"line":116,"column":0},"end":{"line":116,"column":53}},"116":{"start":{"line":117,"column":0},"end":{"line":117,"column":52}},"117":{"start":{"line":118,"column":0},"end":{"line":118,"column":81}},"118":{"start":{"line":119,"column":0},"end":{"line":119,"column":1}},"119":{"start":{"line":120,"column":0},"end":{"line":120,"column":0}},"120":{"start":{"line":121,"column":0},"end":{"line":121,"column":36}},"121":{"start":{"line":122,"column":0},"end":{"line":122,"column":76}},"122":{"start":{"line":123,"column":0},"end":{"line":123,"column":38}},"123":{"start":{"line":124,"column":0},"end":{"line":124,"column":49}},"124":{"start":{"line":125,"column":0},"end":{"line":125,"column":76}},"125":{"start":{"line":126,"column":0},"end":{"line":126,"column":70}},"126":{"start":{"line":127,"column":0},"end":{"line":127,"column":58}},"127":{"start":{"line":128,"column":0},"end":{"line":128,"column":49}},"128":{"start":{"line":129,"column":0},"end":{"line":129,"column":48}},"129":{"start":{"line":130,"column":0},"end":{"line":130,"column":47}},"130":{"start":{"line":131,"column":0},"end":{"line":131,"column":32}},"131":{"start":{"line":132,"column":0},"end":{"line":132,"column":24}},"132":{"start":{"line":133,"column":0},"end":{"line":133,"column":34}},"133":{"start":{"line":134,"column":0},"end":{"line":134,"column":5}},"134":{"start":{"line":135,"column":0},"end":{"line":135,"column":1}}},"s":{"0":1,"1":1,"2":1,"3":1,"4":1,"5":1,"6":1,"7":1,"8":1,"9":1,"10":1,"11":1,"12":1,"13":1,"14":1,"15":3,"16":3,"17":3,"18":3,"19":3,"20":3,"21":1,"22":1,"23":1,"24":1,"25":19,"26":19,"27":19,"28":19,"29":19,"30":19,"31":19,"32":19,"33":19,"34":19,"35":19,"36":19,"37":19,"38":19,"39":19,"40":19,"41":19,"42":19,"43":19,"44":19,"45":19,"46":1,"47":1,"48":4,"49":4,"50":4,"51":4,"52":4,"53":4,"54":1,"55":3,"56":3,"57":3,"58":3,"59":3,"60":3,"61":3,"62":3,"63":3,"64":1,"65":18,"66":18,"67":18,"68":18,"69":1,"70":15,"71":15,"72":15,"73":15,"74":15,"75":15,"76":15,"77":1,"78":1,"79":14,"80":14,"81":14,"82":14,"83":14,"84":14,"85":14,"86":14,"87":14,"88":14,"89":14,"90":14,"91":14,"92":14,"93":3,"94":3,"95":3,"96":3,"97":14,"98":14,"99":1,"100":1,"101":1,"102":1,"103":1,"104":1,"105":1,"106":1,"107":1,"108":1,"109":3,"110":1,"111":3,"112":2,"113":2,"114":2,"115":3,"116":3,"117":3,"118":3,"119":1,"120":2,"121":2,"122":2,"123":2,"124":2,"125":2,"126":2,"127":13,"128":13,"129":13,"130":13,"131":13,"132":13,"133":13,"134":2},"branchMap":{"0":{"type":"branch","line":14,"loc":{"start":{"line":14,"column":17},"end":{"line":14,"column":28}},"locations":[{"start":{"line":14,"column":17},"end":{"line":14,"column":28}}]},"1":{"type":"branch","line":16,"loc":{"start":{"line":16,"column":0},"end":{"line":21,"column":1}},"locations":[{"start":{"line":16,"column":0},"end":{"line":21,"column":1}}]},"2":{"type":"branch","line":25,"loc":{"start":{"line":25,"column":7},"end":{"line":46,"column":1}},"locations":[{"start":{"line":25,"column":7},"end":{"line":46,"column":1}}]},"3":{"type":"branch","line":48,"loc":{"start":{"line":48,"column":7},"end":{"line":54,"column":1}},"locations":[{"start":{"line":48,"column":7},"end":{"line":54,"column":1}}]},"4":{"type":"branch","line":56,"loc":{"start":{"line":56,"column":0},"end":{"line":64,"column":1}},"locations":[{"start":{"line":56,"column":0},"end":{"line":64,"column":1}}]},"5":{"type":"branch","line":66,"loc":{"start":{"line":66,"column":0},"end":{"line":69,"column":1}},"locations":[{"start":{"line":66,"column":0},"end":{"line":69,"column":1}}]},"6":{"type":"branch","line":71,"loc":{"start":{"line":71,"column":0},"end":{"line":77,"column":1}},"locations":[{"start":{"line":71,"column":0},"end":{"line":77,"column":1}}]},"7":{"type":"branch","line":79,"loc":{"start":{"line":79,"column":7},"end":{"line":99,"column":1}},"locations":[{"start":{"line":79,"column":7},"end":{"line":99,"column":1}}]},"8":{"type":"branch","line":93,"loc":{"start":{"line":93,"column":36},"end":{"line":97,"column":5}},"locations":[{"start":{"line":93,"column":36},"end":{"line":97,"column":5}}]},"9":{"type":"branch","line":85,"loc":{"start":{"line":85,"column":42},"end":{"line":85,"column":60}},"locations":[{"start":{"line":85,"column":42},"end":{"line":85,"column":60}}]},"10":{"type":"branch","line":101,"loc":{"start":{"line":101,"column":0},"end":{"line":107,"column":1}},"locations":[{"start":{"line":101,"column":0},"end":{"line":107,"column":1}}]},"11":{"type":"branch","line":105,"loc":{"start":{"line":105,"column":42},"end":{"line":105,"column":60}},"locations":[{"start":{"line":105,"column":42},"end":{"line":105,"column":60}}]},"12":{"type":"branch","line":109,"loc":{"start":{"line":109,"column":7},"end":{"line":119,"column":1}},"locations":[{"start":{"line":109,"column":7},"end":{"line":119,"column":1}}]},"13":{"type":"branch","line":110,"loc":{"start":{"line":110,"column":49},"end":{"line":112,"column":5}},"locations":[{"start":{"line":110,"column":49},"end":{"line":112,"column":5}}]},"14":{"type":"branch","line":112,"loc":{"start":{"line":112,"column":5},"end":{"line":115,"column":5}},"locations":[{"start":{"line":112,"column":5},"end":{"line":115,"column":5}}]},"15":{"type":"branch","line":121,"loc":{"start":{"line":121,"column":0},"end":{"line":135,"column":1}},"locations":[{"start":{"line":121,"column":0},"end":{"line":135,"column":1}}]},"16":{"type":"branch","line":127,"loc":{"start":{"line":127,"column":57},"end":{"line":134,"column":5}},"locations":[{"start":{"line":127,"column":57},"end":{"line":134,"column":5}}]}},"b":{"0":[0],"1":[3],"2":[19],"3":[4],"4":[3],"5":[18],"6":[15],"7":[14],"8":[3],"9":[14],"10":[1],"11":[1],"12":[3],"13":[1],"14":[2],"15":[2],"16":[13]},"fnMap":{"0":{"name":"initApp","decl":{"start":{"line":16,"column":0},"end":{"line":21,"column":1}},"loc":{"start":{"line":16,"column":0},"end":{"line":21,"column":1}},"line":16},"1":{"name":"getWeather","decl":{"start":{"line":25,"column":7},"end":{"line":46,"column":1}},"loc":{"start":{"line":25,"column":7},"end":{"line":46,"column":1}},"line":25},"2":{"name":"getIP","decl":{"start":{"line":48,"column":7},"end":{"line":54,"column":1}},"loc":{"start":{"line":48,"column":7},"end":{"line":54,"column":1}},"line":48},"3":{"name":"getCoordinates","decl":{"start":{"line":56,"column":0},"end":{"line":64,"column":1}},"loc":{"start":{"line":56,"column":0},"end":{"line":64,"column":1}},"line":56},"4":{"name":"mapStatic","decl":{"start":{"line":66,"column":0},"end":{"line":69,"column":1}},"loc":{"start":{"line":66,"column":0},"end":{"line":69,"column":1}},"line":66},"5":{"name":"cityCoordinatesByName","decl":{"start":{"line":71,"column":0},"end":{"line":77,"column":1}},"loc":{"start":{"line":71,"column":0},"end":{"line":77,"column":1}},"line":71},"6":{"name":"addCityInList","decl":{"start":{"line":79,"column":7},"end":{"line":99,"column":1}},"loc":{"start":{"line":79,"column":7},"end":{"line":99,"column":1}},"line":79},"7":{"name":"cityFromListClick","decl":{"start":{"line":101,"column":0},"end":{"line":107,"column":1}},"loc":{"start":{"line":101,"column":0},"end":{"line":107,"column":1}},"line":101},"8":{"name":"startAll","decl":{"start":{"line":109,"column":7},"end":{"line":119,"column":1}},"loc":{"start":{"line":109,"column":7},"end":{"line":119,"column":1}},"line":109},"9":{"name":"citiesFromStorage","decl":{"start":{"line":121,"column":0},"end":{"line":135,"column":1}},"loc":{"start":{"line":121,"column":0},"end":{"line":135,"column":1}},"line":121}},"f":{"0":3,"1":19,"2":4,"3":3,"4":18,"5":15,"6":14,"7":1,"8":3,"9":2}}
}
