TN:
SF:src/api.js
FN:3,fetchData
FN:12,getCity
FN:22,getCityCoordinatesByName
FN:31,getWeather
FNF:4
FNH:4
FNDA:36,fetchData
FNDA:3,getCity
FNDA:16,getCityCoordinatesByName
FNDA:17,getWeather
DA:1,1
DA:2,1
DA:3,36
DA:4,36
DA:5,36
DA:6,33
DA:7,33
DA:8,3
DA:9,3
DA:10,36
DA:11,1
DA:12,1
DA:13,3
DA:14,3
DA:15,2
DA:16,2
DA:17,2
DA:18,2
DA:19,1
DA:20,1
DA:21,1
DA:22,1
DA:23,16
DA:24,16
DA:25,16
DA:26,15
DA:27,15
DA:28,1
DA:29,1
DA:30,1
DA:31,1
DA:32,17
DA:33,17
DA:34,17
DA:35,16
DA:36,16
DA:37,16
DA:38,16
DA:39,16
DA:40,16
DA:41,16
DA:42,1
DA:43,1
LF:43
LH:43
BRDA:3,0,0,36
BRDA:5,1,0,33
BRDA:7,2,0,3
BRDA:12,3,0,3
BRDA:14,4,0,2
BRDA:18,5,0,1
BRDA:22,6,0,16
BRDA:25,7,0,15
BRDA:25,8,0,15
BRDA:27,9,0,1
BRDA:31,10,0,17
BRDA:34,11,0,16
BRDA:34,12,0,16
BRDA:41,13,0,1
BRF:14
BRH:14
end_of_record
TN:
SF:src/constants.js
FN:9,callIfTrue
FNF:1
FNH:1
FNDA:4,callIfTrue
DA:1,1
DA:2,1
DA:3,1
DA:4,1
DA:5,1
DA:6,1
DA:7,1
DA:8,1
DA:9,1
DA:10,4
DA:11,4
DA:12,4
LF:12
LH:12
BRDA:9,0,0,4
BRDA:11,1,0,2
BRDA:11,2,0,2
BRDA:11,3,0,2
BRF:4
BRH:4
end_of_record
TN:
SF:src/main.js
FN:8,initApp
FN:16,mapStatic
FN:22,showWeather
FN:41,inputKeyDown
FN:45,addCityInList
FN:68,cityFromListClick
FN:76,initCityList
FN:86,startAll
FNF:8
FNH:8
FNDA:1,initApp
FNDA:15,mapStatic
FNDA:15,showWeather
FNDA:1,inputKeyDown
FNDA:13,addCityInList
FNDA:1,cityFromListClick
FNDA:1,initCityList
FNDA:1,startAll
DA:1,1
DA:2,1
DA:3,1
DA:4,1
DA:5,1
DA:6,1
DA:7,1
DA:8,1
DA:9,1
DA:10,1
DA:11,1
DA:12,1
DA:13,1
DA:14,1
DA:15,1
DA:16,15
DA:17,15
DA:18,15
DA:19,15
DA:20,15
DA:21,1
DA:22,15
DA:23,15
DA:24,15
DA:25,15
DA:26,15
DA:27,15
DA:28,15
DA:29,15
DA:30,15
DA:31,15
DA:32,15
DA:33,15
DA:34,15
DA:35,15
DA:36,15
DA:37,15
DA:38,15
DA:39,15
DA:40,1
DA:41,1
DA:42,1
DA:43,1
DA:44,1
DA:45,13
DA:46,13
DA:47,13
DA:48,13
DA:49,13
DA:50,13
DA:51,13
DA:52,13
DA:53,13
DA:54,13
DA:55,13
DA:56,13
DA:57,13
DA:58,13
DA:59,13
DA:60,13
DA:61,4
DA:62,4
DA:63,4
DA:64,13
DA:65,13
DA:66,13
DA:67,1
DA:68,1
DA:69,1
DA:70,1
DA:71,1
DA:72,1
DA:73,1
DA:74,1
DA:75,1
DA:76,1
DA:77,1
DA:78,1
DA:79,1
DA:80,1
DA:81,1
DA:82,1
DA:83,1
DA:84,1
DA:85,1
DA:86,1
DA:87,1
DA:88,1
DA:89,1
DA:90,1
DA:91,1
DA:92,1
DA:93,1
DA:94,1
LF:94
LH:94
BRDA:8,0,0,1
BRDA:16,1,0,15
BRDA:17,2,0,0
BRDA:22,3,0,15
BRDA:23,4,0,0
BRDA:41,5,0,1
BRDA:45,6,0,13
BRDA:60,7,0,4
BRDA:68,8,0,1
BRDA:76,9,0,1
BRDA:86,10,0,1
BRF:11
BRH:9
end_of_record
TN:
SF:src/storage.js
FN:4,saveList
FN:8,loadList
FNF:2
FNH:2
FNDA:14,saveList
FNDA:3,loadList
DA:1,1
DA:2,1
DA:3,1
DA:4,1
DA:5,14
DA:6,14
DA:7,1
DA:8,1
DA:9,3
DA:10,3
DA:11,2
DA:12,2
DA:13,2
DA:14,2
DA:15,3
LF:15
LH:15
BRDA:4,0,0,14
BRDA:8,1,0,3
BRDA:10,2,0,2
BRF:3
BRH:3
end_of_record
