TN:
SF:src/api.ts
FN:4,fetchData
FN:15,getCity
FN:27,getCityCoordinatesByName
FN:36,getWeather
FNF:4
FNH:4
FNDA:65,fetchData
FNDA:9,getCity
FNDA:20,getCityCoordinatesByName
FNDA:36,getWeather
DA:5,65
DA:6,65
DA:7,55
DA:9,10
DA:16,9
DA:19,9
DA:20,4
DA:21,4
DA:22,4
DA:24,5
DA:28,20
DA:29,20
DA:30,20
DA:31,2
DA:33,18
DA:37,36
DA:38,36
DA:39,36
DA:40,33
DA:46,3
LF:20
LH:20
BRDA:19,0,0,4
BRDA:19,0,1,5
BRDA:30,1,0,2
BRDA:30,1,1,18
BRDA:30,2,0,20
BRDA:30,2,1,18
BRDA:39,3,0,33
BRDA:39,3,1,3
BRDA:39,4,0,36
BRDA:39,4,1,33
BRF:10
BRH:10
end_of_record
TN:
SF:src/app.ts
FN:25,(anonymous_0)
FN:29,(anonymous_1)
FN:37,(anonymous_2)
FN:44,(anonymous_3)
FN:52,(anonymous_4)
FN:57,(anonymous_5)
FN:62,(anonymous_6)
FN:75,(anonymous_7)
FN:110,start
FN:113,(anonymous_9)
FNF:10
FNH:10
FNDA:5,(anonymous_0)
FNDA:21,(anonymous_1)
FNDA:2,(anonymous_2)
FNDA:16,(anonymous_3)
FNDA:76,(anonymous_4)
FNDA:86,(anonymous_5)
FNDA:2,(anonymous_6)
FNDA:21,(anonymous_7)
FNDA:5,start
FNDA:2,(anonymous_9)
DA:16,5
DA:26,5
DA:30,21
DA:31,16
DA:32,16
DA:33,16
DA:38,2
DA:39,2
DA:40,1
DA:45,16
DA:46,16
DA:47,16
DA:49,16
DA:51,15
DA:52,76
DA:53,14
DA:54,14
DA:55,3
DA:57,86
DA:59,15
DA:63,2
DA:64,2
DA:65,1
DA:69,5
DA:76,21
DA:77,21
DA:78,21
DA:79,21
DA:111,5
DA:112,5
DA:113,2
DA:116,5
DA:117,5
LF:33
LH:33
BRDA:30,0,0,16
BRDA:30,0,1,5
BRDA:39,1,0,1
BRDA:39,1,1,1
BRDA:39,2,0,2
BRDA:39,2,1,2
BRDA:49,3,0,1
BRDA:49,3,1,15
BRDA:52,4,0,14
BRDA:52,4,1,1
BRDA:54,5,0,3
BRDA:54,5,1,11
BRDA:64,6,0,1
BRDA:64,6,1,1
BRF:14
BRH:14
end_of_record
TN:
SF:src/constants.ts
FNF:0
FNH:0
DA:1,2
LF:1
LH:1
BRF:0
BRH:0
end_of_record
TN:
SF:src/storage.ts
FN:2,saveList
FN:6,loadList
FNF:2
FNH:2
FNDA:16,saveList
FNDA:7,loadList
DA:1,2
DA:3,16
DA:7,7
DA:8,7
DA:9,3
DA:11,4
LF:6
LH:6
BRDA:8,0,0,3
BRDA:8,0,1,4
BRF:2
BRH:2
end_of_record
TN:
SF:src/lib/component.ts
FN:8,(anonymous_0)
FN:12,(anonymous_1)
FN:18,(anonymous_2)
FN:22,(anonymous_3)
FN:24,(anonymous_4)
FN:31,(anonymous_5)
FN:36,(anonymous_6)
FNF:7
FNH:7
FNDA:7,(anonymous_0)
FNDA:7,(anonymous_1)
FNDA:2,(anonymous_2)
FNDA:24,(anonymous_3)
FNDA:49,(anonymous_4)
FNDA:24,(anonymous_5)
FNDA:18,(anonymous_6)
DA:4,7
DA:5,7
DA:6,7
DA:12,7
DA:13,7
DA:14,7
DA:23,24
DA:24,24
DA:25,49
DA:27,24
DA:28,24
DA:32,24
DA:33,24
DA:34,66
DA:35,66
DA:36,66
DA:37,18
DA:39,66
DA:40,66
LF:19
LH:19
BRDA:10,0,0,1
BRF:1
BRH:1
end_of_record
TN:
SF:src/lib/templater.ts
FN:1,templater
FN:8,template
FN:16,(anonymous_2)
FN:20,(anonymous_3)
FN:34,(anonymous_4)
FN:57,(anonymous_5)
FN:68,(anonymous_6)
FN:86,templateIteration
FN:91,(anonymous_8)
FNF:9
FNH:9
FNDA:30,templater
FNDA:167,template
FNDA:23,(anonymous_2)
FNDA:92,(anonymous_3)
FNDA:94,(anonymous_4)
FNDA:48,(anonymous_5)
FNDA:229,(anonymous_6)
FNDA:19,templateIteration
FNDA:73,(anonymous_8)
DA:5,30
DA:13,167
DA:14,167
DA:17,23
DA:25,92
DA:26,19
DA:28,73
DA:31,92
DA:34,94
DA:37,92
DA:38,13
DA:40,79
DA:43,92
DA:55,167
DA:58,48
DA:60,48
DA:64,48
DA:68,167
DA:69,229
DA:72,167
DA:87,19
DA:92,73
DA:93,73
DA:94,73
LF:24
LH:24
BRDA:3,0,0,2
BRDA:17,1,0,22
BRDA:17,1,1,1
BRDA:17,2,0,23
BRDA:17,2,1,22
BRDA:25,3,0,19
BRDA:25,3,1,73
BRDA:37,4,0,13
BRDA:37,4,1,79
BRDA:61,5,0,45
BRDA:61,5,1,3
BRDA:61,6,0,48
BRDA:61,6,1,45
BRDA:69,7,0,228
BRDA:69,7,1,1
BRF:15
BRH:15
end_of_record
